{
  "stats": {
    "suites": 1,
    "tests": 4,
    "passes": 4,
    "pending": 0,
    "failures": 0,
    "start": "2026-05-11T01:41:53.029Z",
    "end": "2026-05-11T01:41:53.031Z",
    "duration": 2,
    "testsRegistered": 4,
    "passPercent": 100,
    "pendingPercent": 0,
    "other": 0,
    "hasOther": false,
    "skipped": 0,
    "hasSkipped": false
  },
  "results": [
    {
      "uuid": "0f63a40f-bb06-4a0f-b883-2469902c751e",
      "title": "",
      "fullFile": "/Users/felipealmeida/Projetos/desafio-valendo-dois-pontos-programacao/test/login.test.js",
      "file": "/test/login.test.js",
      "beforeHooks": [],
      "afterHooks": [],
      "tests": [],
      "suites": [
        {
          "uuid": "aa6d0aa8-6c41-4736-8094-5be5f2a4bf65",
          "title": "Testes de Login",
          "fullFile": "/Users/felipealmeida/Projetos/desafio-valendo-dois-pontos-programacao/test/login.test.js",
          "file": "/test/login.test.js",
          "beforeHooks": [],
          "afterHooks": [],
          "tests": [
            {
              "title": "1) Sucesso - login com credenciais corretas",
              "fullTitle": "Testes de Login 1) Sucesso - login com credenciais corretas",
              "timedOut": false,
              "duration": 0,
              "state": "passed",
              "speed": "fast",
              "pass": true,
              "fail": false,
              "pending": false,
              "context": null,
              "code": "assert.strictEqual(\n  fazerLogin(\"carlos@email.com\", \"senha123\"),\n  \"Login realizado com sucesso\"\n);",
              "err": {},
              "uuid": "4344f8b5-bdad-4ed2-8839-227da9851364",
              "parentUUID": "aa6d0aa8-6c41-4736-8094-5be5f2a4bf65",
              "isHook": false,
              "skipped": false
            },
            {
              "title": "2) Credencial expirada",
              "fullTitle": "Testes de Login 2) Credencial expirada",
              "timedOut": false,
              "duration": 0,
              "state": "passed",
              "speed": "fast",
              "pass": true,
              "fail": false,
              "pending": false,
              "context": null,
              "code": "assert.strictEqual(\n  fazerLogin(\"joao@email.com\", \"senhavelha789\"),\n  \"Renove suas credenciais\"\n);",
              "err": {},
              "uuid": "294500ed-256f-4cc8-af2e-26f7d7e50d35",
              "parentUUID": "aa6d0aa8-6c41-4736-8094-5be5f2a4bf65",
              "isHook": false,
              "skipped": false
            },
            {
              "title": "3) Usuário não encontrado",
              "fullTitle": "Testes de Login 3) Usuário não encontrado",
              "timedOut": false,
              "duration": 0,
              "state": "passed",
              "speed": "fast",
              "pass": true,
              "fail": false,
              "pending": false,
              "context": null,
              "code": "assert.strictEqual(\n  fazerLogin(\"naoexiste@email.com\", \"qualquersenha\"),\n  \"Credenciais incorretas\"\n);",
              "err": {},
              "uuid": "eb976725-738c-4e5e-b09f-5341c3ed6f61",
              "parentUUID": "aa6d0aa8-6c41-4736-8094-5be5f2a4bf65",
              "isHook": false,
              "skipped": false
            },
            {
              "title": "4) Senha incorreta para usuário encontrado",
              "fullTitle": "Testes de Login 4) Senha incorreta para usuário encontrado",
              "timedOut": false,
              "duration": 0,
              "state": "passed",
              "speed": "fast",
              "pass": true,
              "fail": false,
              "pending": false,
              "context": null,
              "code": "assert.strictEqual(\n  fazerLogin(\"ana@email.com\", \"senhaerrada\"),\n  \"Credenciais incorretas\"\n);",
              "err": {},
              "uuid": "ef8f2213-8faa-46d5-b16d-e45c3ce869dd",
              "parentUUID": "aa6d0aa8-6c41-4736-8094-5be5f2a4bf65",
              "isHook": false,
              "skipped": false
            }
          ],
          "suites": [],
          "passes": [
            "4344f8b5-bdad-4ed2-8839-227da9851364",
            "294500ed-256f-4cc8-af2e-26f7d7e50d35",
            "eb976725-738c-4e5e-b09f-5341c3ed6f61",
            "ef8f2213-8faa-46d5-b16d-e45c3ce869dd"
          ],
          "failures": [],
          "pending": [],
          "skipped": [],
          "duration": 0,
          "root": false,
          "rootEmpty": false,
          "_timeout": 2000
        }
      ],
      "passes": [],
      "failures": [],
      "pending": [],
      "skipped": [],
      "duration": 0,
      "root": true,
      "rootEmpty": true,
      "_timeout": 2000
    }
  ],
  "meta": {
    "mocha": {
      "version": "11.7.5"
    },
    "mochawesome": {
      "options": {
        "quiet": false,
        "reportFilename": "mochawesome",
        "saveHtml": true,
        "saveJson": true,
        "consoleReporter": "spec",
        "useInlineDiffs": false,
        "code": true
      },
      "version": "7.1.4"
    },
    "marge": {
      "options": null,
      "version": "6.3.2"
    }
  }
}